<?xml version="1.0" encoding="UTF-8"?>
<!-- Generated by org.testng.reporters.JUnitReportReporter -->
<testsuite hostname="AshaRakesh" name="myPackage.TestParallel" tests="2" failures="0" timestamp="9 May 2016 08:18:49 GMT" time="84.874" errors="0">
  <testcase name="test_01" time="54.509" classname="myPackage.TestParallel"/>
  <testcase name="test_01" time="30.365" classname="myPackage.TestParallel"/>
</testsuite> <!-- myPackage.TestParallel -->
