<?xml version="1.0" encoding="UTF-8"?>
<!-- Generated by org.testng.reporters.JUnitReportReporter -->
<testsuite hostname="AshaRakesh" name="TestSuite1" tests="4" failures="0" timestamp="7 May 2016 18:32:17 GMT" time="0.020" errors="0">
  <testcase name="fourthTest" time="0.002" classname="TestSuite1"/>
  <testcase name="firstTest" time="0.001" classname="TestSuite1"/>
  <testcase name="thirdTest" time="0.001" classname="TestSuite1"/>
  <testcase name="SecondTest" time="0.016" classname="TestSuite1"/>
</testsuite> <!-- TestSuite1 -->
