<?xml version="1.0" encoding="UTF-8"?>
<!-- Generated by org.testng.reporters.JUnitReportReporter -->
<testsuite hostname="AshaRakesh" name="myPackage.TestSuite1" tests="4" failures="0" timestamp="8 May 2016 20:15:17 GMT" time="129.698" errors="0">
  <testcase name="firstTest" time="34.774" classname="myPackage.TestSuite1"/>
  <testcase name="thirdTest" time="23.795" classname="myPackage.TestSuite1"/>
  <testcase name="fourthTest" time="36.473" classname="myPackage.TestSuite1"/>
  <testcase name="SecondTest" time="34.656" classname="myPackage.TestSuite1"/>
</testsuite> <!-- myPackage.TestSuite1 -->
