<?xml version="1.0" encoding="UTF-8"?>
<!-- Generated by org.testng.reporters.JUnitReportReporter -->
<testsuite hostname="AshaRakesh" name="myTests.TestSuite1" tests="4" failures="0" timestamp="8 May 2016 20:54:53 GMT" time="105.307" errors="0">
  <testcase name="thirdTest" time="20.252" classname="myTests.TestSuite1"/>
  <testcase name="SecondTest" time="26.353" classname="myTests.TestSuite1"/>
  <testcase name="firstTest" time="26.036" classname="myTests.TestSuite1"/>
  <testcase name="fourthTest" time="32.666" classname="myTests.TestSuite1"/>
</testsuite> <!-- myTests.TestSuite1 -->
